# JRE version: OpenJDK Runtime Environment (21.0.8) (build 21.0.8+-14196175-b1038.72)
# Java VM: OpenJDK 64-Bit Server VM (21.0.8+-14196175-b1038.72, mixed mode, tiered, compressed oops, compressed class ptrs, g1 gc, windows-amd64)
GC Precious Log:
 CardTable entry size: 512
 Card Set container configuration: InlinePtr #cards 5 size 8 Array Of Cards #cards 12 size 40 Howl #buckets 4 coarsen threshold 1843 Howl Bitmap #cards 512 size 80 coarsen threshold 460 Card regions per heap region 1 cards per card region 2048
 CPUs: 12 total, 12 available
 Memory: 7501M
 Large Page Support: Disabled
 NUMA Support: Disabled
 Compressed Oops: Enabled (32-bit)
 Heap Region Size: 1M
 Heap Min Capacity: 8M
 Heap Initial Capacity: 118M
 Heap Max Capacity: 1876M
 Pre-touch: Disabled
 Parallel Workers: 10
 Concurrent Workers: 3
 Concurrent Refinement Workers: 10
 Periodic GC: Disabled
Heap:
 garbage-first heap   total 195584K, used 163140K [0x000000008ac00000, 0x0000000100000000)
  region size 1024K, 58 young (59392K), 8 survivors (8192K)
 Metaspace       used 67608K, committed 67904K, reserved 1114112K
  class space    used 7672K, committed 7808K, reserved 1048576K
GC Heap History (20 events):
Event: 6.867 GC heap before
{Heap before GC invocations=18 (full 0):
 garbage-first heap   total 66560K, used 56083K [0x000000008ac00000, 0x0000000100000000)
  region size 1024K, 15 young (15360K), 2 survivors (2048K)
 Metaspace       used 44632K, committed 44800K, reserved 1114112K
  class space    used 5243K, committed 5312K, reserved 1048576K
}
Event: 6.878 GC heap after
{Heap after GC invocations=19 (full 0):
 garbage-first heap   total 66560K, used 46390K [0x000000008ac00000, 0x0000000100000000)
  region size 1024K, 2 young (2048K), 2 survivors (2048K)
 Metaspace       used 44632K, committed 44800K, reserved 1114112K
  class space    used 5243K, committed 5312K, reserved 1048576K
}
Event: 7.117 GC heap before
{Heap before GC invocations=19 (full 0):
 garbage-first heap   total 66560K, used 56630K [0x000000008ac00000, 0x0000000100000000)
  region size 1024K, 12 young (12288K), 2 survivors (2048K)
 Metaspace       used 44654K, committed 44864K, reserved 1114112K
  class space    used 5244K, committed 5312K, reserved 1048576K
}
Event: 7.125 GC heap after
{Heap after GC invocations=20 (full 0):
 garbage-first heap   total 66560K, used 49880K [0x000000008ac00000, 0x0000000100000000)
  region size 1024K, 2 young (2048K), 2 survivors (2048K)
 Metaspace       used 44654K, committed 44864K, reserved 1114112K
  class space    used 5244K, committed 5312K, reserved 1048576K
}
Event: 7.229 GC heap before
{Heap before GC invocations=21 (full 0):
 garbage-first heap   total 83968K, used 59096K [0x000000008ac00000, 0x0000000100000000)
  region size 1024K, 11 young (11264K), 2 survivors (2048K)
 Metaspace       used 44682K, committed 44864K, reserved 1114112K
  class space    used 5244K, committed 5312K, reserved 1048576K
}
Event: 7.238 GC heap after
{Heap after GC invocations=22 (full 0):
 garbage-first heap   total 83968K, used 52786K [0x000000008ac00000, 0x0000000100000000)
  region size 1024K, 2 young (2048K), 2 survivors (2048K)
 Metaspace       used 44682K, committed 44864K, reserved 1114112K
  class space    used 5244K, committed 5312K, reserved 1048576K
}
Event: 7.505 GC heap before
{Heap before GC invocations=22 (full 0):
 garbage-first heap   total 83968K, used 70194K [0x000000008ac00000, 0x0000000100000000)
  region size 1024K, 19 young (19456K), 2 survivors (2048K)
 Metaspace       used 44715K, committed 44864K, reserved 1114112K
  class space    used 5244K, committed 5312K, reserved 1048576K
}
Event: 7.520 GC heap after
{Heap after GC invocations=23 (full 0):
 garbage-first heap   total 143360K, used 58279K [0x000000008ac00000, 0x0000000100000000)
  region size 1024K, 3 young (3072K), 3 survivors (3072K)
 Metaspace       used 44715K, committed 44864K, reserved 1114112K
  class space    used 5244K, committed 5312K, reserved 1048576K
}
Event: 9.351 GC heap before
{Heap before GC invocations=23 (full 0):
 garbage-first heap   total 143360K, used 108455K [0x000000008ac00000, 0x0000000100000000)
  region size 1024K, 53 young (54272K), 3 survivors (3072K)
 Metaspace       used 50432K, committed 50752K, reserved 1114112K
  class space    used 5853K, committed 6016K, reserved 1048576K
}
Event: 9.374 GC heap after
{Heap after GC invocations=24 (full 0):
 garbage-first heap   total 143360K, used 64756K [0x000000008ac00000, 0x0000000100000000)
  region size 1024K, 7 young (7168K), 7 survivors (7168K)
 Metaspace       used 50432K, committed 50752K, reserved 1114112K
  class space    used 5853K, committed 6016K, reserved 1048576K
}
Event: 9.867 GC heap before
{Heap before GC invocations=24 (full 0):
 garbage-first heap   total 143360K, used 113908K [0x000000008ac00000, 0x0000000100000000)
  region size 1024K, 54 young (55296K), 7 survivors (7168K)
 Metaspace       used 52057K, committed 52352K, reserved 1114112K
  class space    used 6001K, committed 6144K, reserved 1048576K
}
Event: 9.896 GC heap after
{Heap after GC invocations=25 (full 0):
 garbage-first heap   total 143360K, used 81831K [0x000000008ac00000, 0x0000000100000000)
  region size 1024K, 7 young (7168K), 7 survivors (7168K)
 Metaspace       used 52057K, committed 52352K, reserved 1114112K
  class space    used 6001K, committed 6144K, reserved 1048576K
}
Event: 10.716 GC heap before
{Heap before GC invocations=25 (full 0):
 garbage-first heap   total 143360K, used 116647K [0x000000008ac00000, 0x0000000100000000)
  region size 1024K, 41 young (41984K), 7 survivors (7168K)
 Metaspace       used 56298K, committed 56576K, reserved 1114112K
  class space    used 6521K, committed 6656K, reserved 1048576K
}
Event: 10.739 GC heap after
{Heap after GC invocations=26 (full 0):
 garbage-first heap   total 143360K, used 88999K [0x000000008ac00000, 0x0000000100000000)
  region size 1024K, 6 young (6144K), 6 survivors (6144K)
 Metaspace       used 56298K, committed 56576K, reserved 1114112K
  class space    used 6521K, committed 6656K, reserved 1048576K
}
Event: 11.586 GC heap before
{Heap before GC invocations=27 (full 0):
 garbage-first heap   total 148480K, used 121767K [0x000000008ac00000, 0x0000000100000000)
  region size 1024K, 38 young (38912K), 6 survivors (6144K)
 Metaspace       used 59957K, committed 60224K, reserved 1114112K
  class space    used 6939K, committed 7040K, reserved 1048576K
}
Event: 11.604 GC heap after
{Heap after GC invocations=28 (full 0):
 garbage-first heap   total 148480K, used 95143K [0x000000008ac00000, 0x0000000100000000)
  region size 1024K, 5 young (5120K), 5 survivors (5120K)
 Metaspace       used 59957K, committed 60224K, reserved 1114112K
  class space    used 6939K, committed 7040K, reserved 1048576K
}
Event: 12.143 GC heap before
{Heap before GC invocations=28 (full 0):
 garbage-first heap   total 148480K, used 127911K [0x000000008ac00000, 0x0000000100000000)
  region size 1024K, 37 young (37888K), 5 survivors (5120K)
 Metaspace       used 60409K, committed 60608K, reserved 1114112K
  class space    used 6943K, committed 7040K, reserved 1048576K
}
Event: 12.161 GC heap after
{Heap after GC invocations=29 (full 0):
 garbage-first heap   total 195584K, used 102311K [0x000000008ac00000, 0x0000000100000000)
  region size 1024K, 5 young (5120K), 5 survivors (5120K)
 Metaspace       used 60409K, committed 60608K, reserved 1114112K
  class space    used 6943K, committed 7040K, reserved 1048576K
}
Event: 13.575 GC heap before
{Heap before GC invocations=29 (full 0):
 garbage-first heap   total 195584K, used 160679K [0x000000008ac00000, 0x0000000100000000)
  region size 1024K, 62 young (63488K), 5 survivors (5120K)
 Metaspace       used 65725K, committed 65984K, reserved 1114112K
  class space    used 7564K, committed 7680K, reserved 1048576K
}
Event: 13.603 GC heap after
{Heap after GC invocations=30 (full 0):
 garbage-first heap   total 195584K, used 112964K [0x000000008ac00000, 0x0000000100000000)
  region size 1024K, 8 young (8192K), 8 survivors (8192K)
 Metaspace       used 65725K, committed 65984K, reserved 1114112K
  class space    used 7564K, committed 7680K, reserved 1048576K
}

